20:14:14 :: DEBUG :: |
|
20:14:14 :: DEBUG :: fantom answers
20:14:14 :: DEBUG :: question type ----- select character
20:14:14 :: DEBUG :: data -------------- [{'color': 'blue', 'suspect': True, 'position': 9, 'power': False}, {'color': 'black', 'suspect': True, 'position': 5, 'power': False}, {'color': 'red', 'suspect': True, 'position': 7, 'power': False}]
20:14:14 :: DEBUG :: response index ---- 0
20:14:14 :: DEBUG :: response ---------- {'color': 'blue', 'suspect': True, 'position': 9, 'power': False}
20:14:14 :: DEBUG :: |
|
20:14:14 :: DEBUG :: fantom answers
20:14:14 :: DEBUG :: question type ----- select position
20:14:14 :: DEBUG :: data -------------- [7]
20:14:14 :: DEBUG :: response index ---- 0
20:14:14 :: DEBUG :: response ---------- 7
20:14:14 :: DEBUG :: |
|
20:14:14 :: DEBUG :: fantom answers
20:14:14 :: DEBUG :: question type ----- blue character power room
20:14:14 :: DEBUG :: data -------------- [0, 1, 2, 3, 4, 5, 6, 7, 8, 9]
20:14:14 :: DEBUG :: response index ---- 0
20:14:14 :: DEBUG :: response ---------- 0
20:14:14 :: DEBUG :: |
|
20:14:14 :: DEBUG :: fantom answers
20:14:14 :: DEBUG :: question type ----- blue character power exit
20:14:14 :: DEBUG :: data -------------- [1, 4]
20:14:14 :: DEBUG :: response index ---- 0
20:14:14 :: DEBUG :: response ---------- 1
20:14:14 :: DEBUG :: |
|
20:14:14 :: DEBUG :: fantom answers
20:14:14 :: DEBUG :: question type ----- select character
20:14:14 :: DEBUG :: data -------------- [{'color': 'black', 'suspect': True, 'position': 5, 'power': False}, {'color': 'red', 'suspect': True, 'position': 7, 'power': False}]
20:14:14 :: DEBUG :: response index ---- 0
20:14:14 :: DEBUG :: response ---------- {'color': 'black', 'suspect': True, 'position': 5, 'power': False}
20:14:14 :: DEBUG :: |
|
20:14:14 :: DEBUG :: fantom answers
20:14:14 :: DEBUG :: question type ----- select position
20:14:14 :: DEBUG :: data -------------- [0, 4, 6, 7, 8]
20:14:14 :: DEBUG :: response index ---- 0
20:14:14 :: DEBUG :: response ---------- 0
20:14:14 :: DEBUG :: |
|
20:14:14 :: DEBUG :: fantom answers
20:14:14 :: DEBUG :: question type ----- activate black power
20:14:14 :: DEBUG :: data -------------- [0, 1]
20:14:14 :: DEBUG :: response index ---- 0
20:14:14 :: DEBUG :: response ---------- 0
20:14:14 :: DEBUG :: |
|
20:14:14 :: DEBUG :: fantom answers
20:14:14 :: DEBUG :: question type ----- select character
20:14:14 :: DEBUG :: data -------------- [{'color': 'white', 'suspect': False, 'position': 1, 'power': False}, {'color': 'purple', 'suspect': True, 'position': 4, 'power': False}, {'color': 'grey', 'suspect': False, 'position': 7, 'power': False}, {'color': 'pink', 'suspect': False, 'position': 2, 'power': False}]
20:14:14 :: DEBUG :: response index ---- 0
20:14:14 :: DEBUG :: response ---------- {'color': 'white', 'suspect': False, 'position': 1, 'power': False}
20:14:14 :: DEBUG :: |
|
20:14:14 :: DEBUG :: fantom answers
20:14:14 :: DEBUG :: question type ----- select position
20:14:14 :: DEBUG :: data -------------- [2]
20:14:14 :: DEBUG :: response index ---- 0
20:14:14 :: DEBUG :: response ---------- 2
20:14:14 :: DEBUG :: |
|
20:14:14 :: DEBUG :: fantom answers
20:14:14 :: DEBUG :: question type ----- activate white power
20:14:14 :: DEBUG :: data -------------- [0, 1]
20:14:14 :: DEBUG :: response index ---- 0
20:14:14 :: DEBUG :: response ---------- 0
20:14:14 :: DEBUG :: |
|
20:14:14 :: DEBUG :: fantom answers
20:14:14 :: DEBUG :: question type ----- select character
20:14:14 :: DEBUG :: data -------------- [{'color': 'pink', 'suspect': False, 'position': 2, 'power': False}]
20:14:14 :: DEBUG :: response index ---- 0
20:14:14 :: DEBUG :: response ---------- {'color': 'pink', 'suspect': False, 'position': 2, 'power': False}
20:14:14 :: DEBUG :: |
|
20:14:14 :: DEBUG :: fantom answers
20:14:14 :: DEBUG :: question type ----- select position
20:14:14 :: DEBUG :: data -------------- [1, 3, 5, 6, 7, 9]
20:14:14 :: DEBUG :: response index ---- 0
20:14:14 :: DEBUG :: response ---------- 1
20:14:14 :: DEBUG :: |
|
20:14:14 :: DEBUG :: fantom answers
20:14:14 :: DEBUG :: question type ----- select character
20:14:14 :: DEBUG :: data -------------- [{'color': 'red', 'suspect': True, 'position': 4, 'power': False}, {'color': 'purple', 'suspect': True, 'position': 8, 'power': False}, {'color': 'blue', 'suspect': False, 'position': 7, 'power': False}]
20:14:14 :: DEBUG :: response index ---- 0
20:14:14 :: DEBUG :: response ---------- {'color': 'red', 'suspect': True, 'position': 4, 'power': False}
20:14:14 :: DEBUG :: |
|
20:14:14 :: DEBUG :: fantom answers
20:14:14 :: DEBUG :: question type ----- select position
20:14:14 :: DEBUG :: data -------------- [0, 8, 5]
20:14:14 :: DEBUG :: response index ---- 0
20:14:14 :: DEBUG :: response ---------- 0
20:14:14 :: DEBUG :: |
|
20:14:14 :: DEBUG :: fantom answers
20:14:14 :: DEBUG :: question type ----- select character
20:14:14 :: DEBUG :: data -------------- [{'color': 'purple', 'suspect': True, 'position': 8, 'power': False}, {'color': 'blue', 'suspect': False, 'position': 7, 'power': False}]
20:14:14 :: DEBUG :: response index ---- 0
20:14:14 :: DEBUG :: response ---------- {'color': 'purple', 'suspect': True, 'position': 8, 'power': False}
20:14:14 :: DEBUG :: |
|
20:14:14 :: DEBUG :: fantom answers
20:14:14 :: DEBUG :: question type ----- activate purple power
20:14:14 :: DEBUG :: data -------------- [0, 1]
20:14:14 :: DEBUG :: response index ---- 0
20:14:14 :: DEBUG :: response ---------- 0
20:14:14 :: DEBUG :: |
|
20:14:14 :: DEBUG :: fantom answers
20:14:14 :: DEBUG :: question type ----- select position
20:14:14 :: DEBUG :: data -------------- [9, 4]
20:14:14 :: DEBUG :: response index ---- 1
20:14:14 :: DEBUG :: response ---------- 4
