21:35:15 :: INFO :: no client yet
21:35:17 :: INFO :: Received client !
21:35:18 :: INFO :: Received client !
21:35:18 :: INFO :: received all clients
21:35:18 :: INFO :: the fantom is brown
21:35:18 :: INFO :: 
=======
new game
=======
21:35:18 :: INFO :: shuffle 8 character_cards
21:35:18 :: INFO :: shuffle 10 alibi cards
21:35:18 :: INFO :: 
------------------
21:35:18 :: INFO :: 
grey-3-suspectTour: 1,
Position Carlotta / exit: 6/22,
Shadow: 3,
blocked: (4, 5)
brown-3-suspectTour: 1,
Position Carlotta / exit: 6/22,
Shadow: 3,
blocked: (4, 5)
red-4-suspectTour: 1,
Position Carlotta / exit: 6/22,
Shadow: 3,
blocked: (4, 5)
purple-9-suspectTour: 1,
Position Carlotta / exit: 6/22,
Shadow: 3,
blocked: (4, 5)
white-3-suspectTour: 1,
Position Carlotta / exit: 6/22,
Shadow: 3,
blocked: (4, 5)
pink-7-suspectTour: 1,
Position Carlotta / exit: 6/22,
Shadow: 3,
blocked: (4, 5)
black-2-suspectTour: 1,
Position Carlotta / exit: 6/22,
Shadow: 3,
blocked: (4, 5)
blue-4-suspect
21:35:18 :: DEBUG :: {
    "position_carlotta": 6,
    "exit": 22,
    "num_tour": 1,
    "shadow": 3,
    "blocked": [
        4,
        5
    ],
    "characters": [
        {
            "color": "grey",
            "suspect": true,
            "position": 3,
            "power": false
        },
        {
            "color": "brown",
            "suspect": true,
            "position": 3,
            "power": false
        },
        {
            "color": "red",
            "suspect": true,
            "position": 4,
            "power": false
        },
        {
            "color": "purple",
            "suspect": true,
            "position": 9,
            "power": false
        },
        {
            "color": "white",
            "suspect": true,
            "position": 3,
            "power": false
        },
        {
            "color": "pink",
            "suspect": true,
            "position": 7,
            "power": false
        },
        {
            "color": "black",
            "suspect": true,
            "position": 2,
            "power": false
        },
        {
            "color": "blue",
            "suspect": true,
            "position": 4,
            "power": false
        }
    ],
    "character_cards": [
        {
            "color": "pink",
            "suspect": true,
            "position": 7,
            "power": false
        },
        {
            "color": "grey",
            "suspect": true,
            "position": 3,
            "power": false
        },
        {
            "color": "black",
            "suspect": true,
            "position": 2,
            "power": false
        },
        {
            "color": "brown",
            "suspect": true,
            "position": 3,
            "power": false
        },
        {
            "color": "white",
            "suspect": true,
            "position": 3,
            "power": false
        },
        {
            "color": "purple",
            "suspect": true,
            "position": 9,
            "power": false
        },
        {
            "color": "red",
            "suspect": true,
            "position": 4,
            "power": false
        },
        {
            "color": "blue",
            "suspect": true,
            "position": 4,
            "power": false
        }
    ],
    "active character_cards": []
}
21:35:18 :: INFO :: -
shuffle 8 character_cards
-
21:35:18 :: INFO :: --
inspector plays
--
21:35:18 :: DEBUG :: {
    "position_carlotta": 6,
    "exit": 22,
    "num_tour": 1,
    "shadow": 3,
    "blocked": [
        4,
        5
    ],
    "characters": [
        {
            "color": "grey",
            "suspect": true,
            "position": 3,
            "power": false
        },
        {
            "color": "brown",
            "suspect": true,
            "position": 3,
            "power": false
        },
        {
            "color": "red",
            "suspect": true,
            "position": 4,
            "power": false
        },
        {
            "color": "purple",
            "suspect": true,
            "position": 9,
            "power": false
        },
        {
            "color": "white",
            "suspect": true,
            "position": 3,
            "power": false
        },
        {
            "color": "pink",
            "suspect": true,
            "position": 7,
            "power": false
        },
        {
            "color": "black",
            "suspect": true,
            "position": 2,
            "power": false
        },
        {
            "color": "blue",
            "suspect": true,
            "position": 4,
            "power": false
        }
    ],
    "character_cards": [
        {
            "color": "pink",
            "suspect": true,
            "position": 7,
            "power": false
        },
        {
            "color": "blue",
            "suspect": true,
            "position": 4,
            "power": false
        },
        {
            "color": "red",
            "suspect": true,
            "position": 4,
            "power": false
        },
        {
            "color": "white",
            "suspect": true,
            "position": 3,
            "power": false
        },
        {
            "color": "black",
            "suspect": true,
            "position": 2,
            "power": false
        },
        {
            "color": "grey",
            "suspect": true,
            "position": 3,
            "power": false
        },
        {
            "color": "purple",
            "suspect": true,
            "position": 9,
            "power": false
        },
        {
            "color": "brown",
            "suspect": true,
            "position": 3,
            "power": false
        }
    ],
    "active character_cards": [
        {
            "color": "pink",
            "suspect": true,
            "position": 7,
            "power": false
        },
        {
            "color": "blue",
            "suspect": true,
            "position": 4,
            "power": false
        },
        {
            "color": "red",
            "suspect": true,
            "position": 4,
            "power": false
        },
        {
            "color": "white",
            "suspect": true,
            "position": 3,
            "power": false
        }
    ]
}
21:35:18 :: INFO :: question : select character
21:35:18 :: INFO :: answer : pink-7-suspect
21:35:18 :: INFO :: question : select position
21:35:18 :: INFO :: answer : 9
21:35:18 :: INFO :: new position : 9
21:35:18 :: INFO :: --
fantom plays
--
21:35:18 :: DEBUG :: {
    "position_carlotta": 6,
    "exit": 22,
    "num_tour": 1,
    "shadow": 3,
    "blocked": [
        4,
        5
    ],
    "characters": [
        {
            "color": "grey",
            "suspect": true,
            "position": 3,
            "power": false
        },
        {
            "color": "brown",
            "suspect": true,
            "position": 3,
            "power": false
        },
        {
            "color": "red",
            "suspect": true,
            "position": 4,
            "power": false
        },
        {
            "color": "purple",
            "suspect": true,
            "position": 9,
            "power": false
        },
        {
            "color": "white",
            "suspect": true,
            "position": 3,
            "power": false
        },
        {
            "color": "pink",
            "suspect": true,
            "position": 9,
            "power": false
        },
        {
            "color": "black",
            "suspect": true,
            "position": 2,
            "power": false
        },
        {
            "color": "blue",
            "suspect": true,
            "position": 4,
            "power": false
        }
    ],
    "character_cards": [
        {
            "color": "pink",
            "suspect": true,
            "position": 9,
            "power": false
        },
        {
            "color": "blue",
            "suspect": true,
            "position": 4,
            "power": false
        },
        {
            "color": "red",
            "suspect": true,
            "position": 4,
            "power": false
        },
        {
            "color": "white",
            "suspect": true,
            "position": 3,
            "power": false
        },
        {
            "color": "black",
            "suspect": true,
            "position": 2,
            "power": false
        },
        {
            "color": "grey",
            "suspect": true,
            "position": 3,
            "power": false
        },
        {
            "color": "purple",
            "suspect": true,
            "position": 9,
            "power": false
        },
        {
            "color": "brown",
            "suspect": true,
            "position": 3,
            "power": false
        }
    ],
    "active character_cards": [
        {
            "color": "blue",
            "suspect": true,
            "position": 4,
            "power": false
        },
        {
            "color": "red",
            "suspect": true,
            "position": 4,
            "power": false
        },
        {
            "color": "white",
            "suspect": true,
            "position": 3,
            "power": false
        }
    ]
}
21:35:18 :: INFO :: question : select character
21:35:18 :: INFO :: answer : red-4-suspect
21:35:18 :: INFO :: question : select position
21:35:18 :: INFO :: answer : 1
21:35:18 :: INFO :: new position : 1
21:35:18 :: INFO :: red power activated
21:35:18 :: INFO :: red-1-suspect was drawn
21:35:18 :: INFO :: --
fantom plays
--
21:35:18 :: DEBUG :: {
    "position_carlotta": 6,
    "exit": 22,
    "num_tour": 1,
    "shadow": 3,
    "blocked": [
        4,
        5
    ],
    "characters": [
        {
            "color": "grey",
            "suspect": true,
            "position": 3,
            "power": false
        },
        {
            "color": "brown",
            "suspect": true,
            "position": 3,
            "power": false
        },
        {
            "color": "red",
            "suspect": true,
            "position": 1,
            "power": true
        },
        {
            "color": "purple",
            "suspect": true,
            "position": 9,
            "power": false
        },
        {
            "color": "white",
            "suspect": true,
            "position": 3,
            "power": false
        },
        {
            "color": "pink",
            "suspect": true,
            "position": 9,
            "power": false
        },
        {
            "color": "black",
            "suspect": true,
            "position": 2,
            "power": false
        },
        {
            "color": "blue",
            "suspect": true,
            "position": 4,
            "power": false
        }
    ],
    "character_cards": [
        {
            "color": "pink",
            "suspect": true,
            "position": 9,
            "power": false
        },
        {
            "color": "blue",
            "suspect": true,
            "position": 4,
            "power": false
        },
        {
            "color": "red",
            "suspect": true,
            "position": 1,
            "power": true
        },
        {
            "color": "white",
            "suspect": true,
            "position": 3,
            "power": false
        },
        {
            "color": "black",
            "suspect": true,
            "position": 2,
            "power": false
        },
        {
            "color": "grey",
            "suspect": true,
            "position": 3,
            "power": false
        },
        {
            "color": "purple",
            "suspect": true,
            "position": 9,
            "power": false
        },
        {
            "color": "brown",
            "suspect": true,
            "position": 3,
            "power": false
        }
    ],
    "active character_cards": [
        {
            "color": "blue",
            "suspect": true,
            "position": 4,
            "power": false
        },
        {
            "color": "white",
            "suspect": true,
            "position": 3,
            "power": false
        }
    ]
}
21:35:18 :: INFO :: question : select character
21:35:18 :: INFO :: answer : white-3-suspect
21:35:18 :: INFO :: question : select position
21:35:18 :: INFO :: answer : 2
21:35:18 :: INFO :: new position : 2
21:35:18 :: INFO :: question : activate white power
21:35:18 :: INFO :: answer  : yes
21:35:18 :: INFO :: white power activated
21:35:18 :: INFO :: question : white character power move black
21:35:18 :: INFO :: answer : 3
21:35:18 :: INFO :: new position : black-3-suspect
21:35:18 :: INFO :: --
inspector plays
--
21:35:18 :: DEBUG :: {
    "position_carlotta": 6,
    "exit": 22,
    "num_tour": 1,
    "shadow": 3,
    "blocked": [
        4,
        5
    ],
    "characters": [
        {
            "color": "grey",
            "suspect": true,
            "position": 3,
            "power": false
        },
        {
            "color": "brown",
            "suspect": true,
            "position": 3,
            "power": false
        },
        {
            "color": "red",
            "suspect": true,
            "position": 1,
            "power": true
        },
        {
            "color": "purple",
            "suspect": true,
            "position": 9,
            "power": false
        },
        {
            "color": "white",
            "suspect": true,
            "position": 2,
            "power": true
        },
        {
            "color": "pink",
            "suspect": true,
            "position": 9,
            "power": false
        },
        {
            "color": "black",
            "suspect": true,
            "position": 3,
            "power": false
        },
        {
            "color": "blue",
            "suspect": true,
            "position": 4,
            "power": false
        }
    ],
    "character_cards": [
        {
            "color": "pink",
            "suspect": true,
            "position": 9,
            "power": false
        },
        {
            "color": "blue",
            "suspect": true,
            "position": 4,
            "power": false
        },
        {
            "color": "red",
            "suspect": true,
            "position": 1,
            "power": true
        },
        {
            "color": "white",
            "suspect": true,
            "position": 2,
            "power": true
        },
        {
            "color": "black",
            "suspect": true,
            "position": 3,
            "power": false
        },
        {
            "color": "grey",
            "suspect": true,
            "position": 3,
            "power": false
        },
        {
            "color": "purple",
            "suspect": true,
            "position": 9,
            "power": false
        },
        {
            "color": "brown",
            "suspect": true,
            "position": 3,
            "power": false
        }
    ],
    "active character_cards": [
        {
            "color": "blue",
            "suspect": true,
            "position": 4,
            "power": false
        }
    ]
}
21:35:18 :: INFO :: question : select character
21:35:18 :: INFO :: answer : blue-4-suspect
21:35:18 :: INFO :: question : select position
21:35:18 :: INFO :: answer : 0
21:35:18 :: INFO :: new position : 0
21:35:18 :: INFO :: blue power activated
21:35:18 :: INFO :: question : blue character power exit
21:35:18 :: INFO :: answer : {0, 1}
21:35:18 :: INFO :: The fantom screams.
21:35:18 :: INFO :: 
------------------
21:35:18 :: INFO :: 
grey-3-suspectTour: 2,
Position Carlotta / exit: 13/22,
Shadow: 3,
blocked: (1, 0)
brown-3-suspectTour: 2,
Position Carlotta / exit: 13/22,
Shadow: 3,
blocked: (1, 0)
red-1-suspectTour: 2,
Position Carlotta / exit: 13/22,
Shadow: 3,
blocked: (1, 0)
purple-9-cleanTour: 2,
Position Carlotta / exit: 13/22,
Shadow: 3,
blocked: (1, 0)
white-2-suspectTour: 2,
Position Carlotta / exit: 13/22,
Shadow: 3,
blocked: (1, 0)
pink-9-cleanTour: 2,
Position Carlotta / exit: 13/22,
Shadow: 3,
blocked: (1, 0)
black-3-suspectTour: 2,
Position Carlotta / exit: 13/22,
Shadow: 3,
blocked: (1, 0)
blue-0-suspect
21:35:18 :: DEBUG :: {
    "position_carlotta": 13,
    "exit": 22,
    "num_tour": 2,
    "shadow": 3,
    "blocked": [
        1,
        0
    ],
    "characters": [
        {
            "color": "grey",
            "suspect": true,
            "position": 3,
            "power": false
        },
        {
            "color": "brown",
            "suspect": true,
            "position": 3,
            "power": false
        },
        {
            "color": "red",
            "suspect": true,
            "position": 1,
            "power": true
        },
        {
            "color": "purple",
            "suspect": false,
            "position": 9,
            "power": false
        },
        {
            "color": "white",
            "suspect": true,
            "position": 2,
            "power": true
        },
        {
            "color": "pink",
            "suspect": false,
            "position": 9,
            "power": false
        },
        {
            "color": "black",
            "suspect": true,
            "position": 3,
            "power": false
        },
        {
            "color": "blue",
            "suspect": true,
            "position": 0,
            "power": true
        }
    ],
    "character_cards": [
        {
            "color": "pink",
            "suspect": false,
            "position": 9,
            "power": false
        },
        {
            "color": "blue",
            "suspect": true,
            "position": 0,
            "power": true
        },
        {
            "color": "red",
            "suspect": true,
            "position": 1,
            "power": true
        },
        {
            "color": "white",
            "suspect": true,
            "position": 2,
            "power": true
        },
        {
            "color": "black",
            "suspect": true,
            "position": 3,
            "power": false
        },
        {
            "color": "grey",
            "suspect": true,
            "position": 3,
            "power": false
        },
        {
            "color": "purple",
            "suspect": false,
            "position": 9,
            "power": false
        },
        {
            "color": "brown",
            "suspect": true,
            "position": 3,
            "power": false
        }
    ],
    "active character_cards": []
}
21:35:18 :: INFO :: --
fantom plays
--
21:35:18 :: DEBUG :: {
    "position_carlotta": 13,
    "exit": 22,
    "num_tour": 2,
    "shadow": 3,
    "blocked": [
        1,
        0
    ],
    "characters": [
        {
            "color": "grey",
            "suspect": true,
            "position": 3,
            "power": false
        },
        {
            "color": "brown",
            "suspect": true,
            "position": 3,
            "power": false
        },
        {
            "color": "red",
            "suspect": true,
            "position": 1,
            "power": true
        },
        {
            "color": "purple",
            "suspect": false,
            "position": 9,
            "power": false
        },
        {
            "color": "white",
            "suspect": true,
            "position": 2,
            "power": true
        },
        {
            "color": "pink",
            "suspect": false,
            "position": 9,
            "power": false
        },
        {
            "color": "black",
            "suspect": true,
            "position": 3,
            "power": false
        },
        {
            "color": "blue",
            "suspect": true,
            "position": 0,
            "power": true
        }
    ],
    "character_cards": [
        {
            "color": "pink",
            "suspect": false,
            "position": 9,
            "power": false
        },
        {
            "color": "blue",
            "suspect": true,
            "position": 0,
            "power": true
        },
        {
            "color": "red",
            "suspect": true,
            "position": 1,
            "power": true
        },
        {
            "color": "white",
            "suspect": true,
            "position": 2,
            "power": true
        },
        {
            "color": "black",
            "suspect": true,
            "position": 3,
            "power": false
        },
        {
            "color": "grey",
            "suspect": true,
            "position": 3,
            "power": false
        },
        {
            "color": "purple",
            "suspect": false,
            "position": 9,
            "power": false
        },
        {
            "color": "brown",
            "suspect": true,
            "position": 3,
            "power": false
        }
    ],
    "active character_cards": [
        {
            "color": "black",
            "suspect": true,
            "position": 3,
            "power": false
        },
        {
            "color": "grey",
            "suspect": true,
            "position": 3,
            "power": false
        },
        {
            "color": "purple",
            "suspect": false,
            "position": 9,
            "power": false
        },
        {
            "color": "brown",
            "suspect": true,
            "position": 3,
            "power": false
        }
    ]
}
21:35:18 :: INFO :: question : select character
21:35:18 :: INFO :: answer : black-3-suspect
21:35:18 :: INFO :: question : select position
21:35:18 :: INFO :: answer : 8
21:35:18 :: INFO :: new position : 8
21:35:18 :: INFO :: question : activate black power
21:35:18 :: INFO :: answer  : yes
21:35:18 :: INFO :: black power activated
21:35:18 :: INFO :: new position : purple-8-clean
21:35:18 :: INFO :: new position : pink-8-clean
21:35:18 :: INFO :: --
inspector plays
--
21:35:18 :: DEBUG :: {
    "position_carlotta": 13,
    "exit": 22,
    "num_tour": 2,
    "shadow": 3,
    "blocked": [
        1,
        0
    ],
    "characters": [
        {
            "color": "grey",
            "suspect": true,
            "position": 3,
            "power": false
        },
        {
            "color": "brown",
            "suspect": true,
            "position": 3,
            "power": false
        },
        {
            "color": "red",
            "suspect": true,
            "position": 1,
            "power": true
        },
        {
            "color": "purple",
            "suspect": false,
            "position": 8,
            "power": false
        },
        {
            "color": "white",
            "suspect": true,
            "position": 2,
            "power": true
        },
        {
            "color": "pink",
            "suspect": false,
            "position": 8,
            "power": false
        },
        {
            "color": "black",
            "suspect": true,
            "position": 8,
            "power": true
        },
        {
            "color": "blue",
            "suspect": true,
            "position": 0,
            "power": true
        }
    ],
    "character_cards": [
        {
            "color": "pink",
            "suspect": false,
            "position": 8,
            "power": false
        },
        {
            "color": "blue",
            "suspect": true,
            "position": 0,
            "power": true
        },
        {
            "color": "red",
            "suspect": true,
            "position": 1,
            "power": true
        },
        {
            "color": "white",
            "suspect": true,
            "position": 2,
            "power": true
        },
        {
            "color": "black",
            "suspect": true,
            "position": 8,
            "power": true
        },
        {
            "color": "grey",
            "suspect": true,
            "position": 3,
            "power": false
        },
        {
            "color": "purple",
            "suspect": false,
            "position": 8,
            "power": false
        },
        {
            "color": "brown",
            "suspect": true,
            "position": 3,
            "power": false
        }
    ],
    "active character_cards": [
        {
            "color": "grey",
            "suspect": true,
            "position": 3,
            "power": false
        },
        {
            "color": "purple",
            "suspect": false,
            "position": 8,
            "power": false
        },
        {
            "color": "brown",
            "suspect": true,
            "position": 3,
            "power": false
        }
    ]
}
21:35:18 :: INFO :: question : select character
21:35:18 :: INFO :: answer : grey-3-suspect
21:35:18 :: INFO :: question : select position
21:35:18 :: INFO :: answer : 2
21:35:18 :: INFO :: new position : 2
21:35:18 :: INFO :: grey power activated
21:35:18 :: INFO :: question : grey character power
21:35:18 :: INFO :: answer : 8
21:35:18 :: INFO :: --
inspector plays
--
21:35:18 :: DEBUG :: {
    "position_carlotta": 13,
    "exit": 22,
    "num_tour": 2,
    "shadow": 8,
    "blocked": [
        1,
        0
    ],
    "characters": [
        {
            "color": "grey",
            "suspect": true,
            "position": 2,
            "power": true
        },
        {
            "color": "brown",
            "suspect": true,
            "position": 3,
            "power": false
        },
        {
            "color": "red",
            "suspect": true,
            "position": 1,
            "power": true
        },
        {
            "color": "purple",
            "suspect": false,
            "position": 8,
            "power": false
        },
        {
            "color": "white",
            "suspect": true,
            "position": 2,
            "power": true
        },
        {
            "color": "pink",
            "suspect": false,
            "position": 8,
            "power": false
        },
        {
            "color": "black",
            "suspect": true,
            "position": 8,
            "power": true
        },
        {
            "color": "blue",
            "suspect": true,
            "position": 0,
            "power": true
        }
    ],
    "character_cards": [
        {
            "color": "pink",
            "suspect": false,
            "position": 8,
            "power": false
        },
        {
            "color": "blue",
            "suspect": true,
            "position": 0,
            "power": true
        },
        {
            "color": "red",
            "suspect": true,
            "position": 1,
            "power": true
        },
        {
            "color": "white",
            "suspect": true,
            "position": 2,
            "power": true
        },
        {
            "color": "black",
            "suspect": true,
            "position": 8,
            "power": true
        },
        {
            "color": "grey",
            "suspect": true,
            "position": 2,
            "power": true
        },
        {
            "color": "purple",
            "suspect": false,
            "position": 8,
            "power": false
        },
        {
            "color": "brown",
            "suspect": true,
            "position": 3,
            "power": false
        }
    ],
    "active character_cards": [
        {
            "color": "purple",
            "suspect": false,
            "position": 8,
            "power": false
        },
        {
            "color": "brown",
            "suspect": true,
            "position": 3,
            "power": false
        }
    ]
}
21:35:18 :: INFO :: question : select character
21:35:18 :: INFO :: answer : brown-3-suspect
21:35:18 :: INFO :: question : activate brown power
21:35:18 :: INFO :: answer  : yes
21:35:18 :: INFO :: brown power activated
21:35:18 :: INFO :: question : select position
21:35:18 :: INFO :: answer : 2
21:35:18 :: INFO :: new position : 2
21:35:18 :: INFO :: --
fantom plays
--
21:35:18 :: DEBUG :: {
    "position_carlotta": 13,
    "exit": 22,
    "num_tour": 2,
    "shadow": 8,
    "blocked": [
        1,
        0
    ],
    "characters": [
        {
            "color": "grey",
            "suspect": true,
            "position": 2,
            "power": true
        },
        {
            "color": "brown",
            "suspect": true,
            "position": 2,
            "power": true
        },
        {
            "color": "red",
            "suspect": true,
            "position": 1,
            "power": true
        },
        {
            "color": "purple",
            "suspect": false,
            "position": 8,
            "power": false
        },
        {
            "color": "white",
            "suspect": true,
            "position": 2,
            "power": true
        },
        {
            "color": "pink",
            "suspect": false,
            "position": 8,
            "power": false
        },
        {
            "color": "black",
            "suspect": true,
            "position": 8,
            "power": true
        },
        {
            "color": "blue",
            "suspect": true,
            "position": 0,
            "power": true
        }
    ],
    "character_cards": [
        {
            "color": "pink",
            "suspect": false,
            "position": 8,
            "power": false
        },
        {
            "color": "blue",
            "suspect": true,
            "position": 0,
            "power": true
        },
        {
            "color": "red",
            "suspect": true,
            "position": 1,
            "power": true
        },
        {
            "color": "white",
            "suspect": true,
            "position": 2,
            "power": true
        },
        {
            "color": "black",
            "suspect": true,
            "position": 8,
            "power": true
        },
        {
            "color": "grey",
            "suspect": true,
            "position": 2,
            "power": true
        },
        {
            "color": "purple",
            "suspect": false,
            "position": 8,
            "power": false
        },
        {
            "color": "brown",
            "suspect": true,
            "position": 2,
            "power": true
        }
    ],
    "active character_cards": [
        {
            "color": "purple",
            "suspect": false,
            "position": 8,
            "power": false
        }
    ]
}
21:35:18 :: INFO :: question : select character
21:35:18 :: INFO :: answer : purple-8-clean
21:35:18 :: INFO :: question : activate purple power
21:35:18 :: INFO :: answer  : yes
21:35:18 :: INFO :: purple power activated
21:35:18 :: INFO :: question : purple character power
21:35:18 :: INFO :: answer : black-8-suspect
21:35:18 :: INFO :: new position : purple-8-clean
21:35:18 :: INFO :: new position : black-8-suspect
21:35:18 :: INFO :: the fantom does not scream.
21:35:18 :: INFO :: 
------------------
21:35:18 :: INFO :: 
grey-2-suspectTour: 3,
Position Carlotta / exit: 16/22,
Shadow: 8,
blocked: (1, 0)
brown-2-suspectTour: 3,
Position Carlotta / exit: 16/22,
Shadow: 8,
blocked: (1, 0)
red-1-cleanTour: 3,
Position Carlotta / exit: 16/22,
Shadow: 8,
blocked: (1, 0)
purple-8-cleanTour: 3,
Position Carlotta / exit: 16/22,
Shadow: 8,
blocked: (1, 0)
white-2-suspectTour: 3,
Position Carlotta / exit: 16/22,
Shadow: 8,
blocked: (1, 0)
pink-8-cleanTour: 3,
Position Carlotta / exit: 16/22,
Shadow: 8,
blocked: (1, 0)
black-8-cleanTour: 3,
Position Carlotta / exit: 16/22,
Shadow: 8,
blocked: (1, 0)
blue-0-clean
21:35:18 :: DEBUG :: {
    "position_carlotta": 16,
    "exit": 22,
    "num_tour": 3,
    "shadow": 8,
    "blocked": [
        1,
        0
    ],
    "characters": [
        {
            "color": "grey",
            "suspect": true,
            "position": 2,
            "power": true
        },
        {
            "color": "brown",
            "suspect": true,
            "position": 2,
            "power": true
        },
        {
            "color": "red",
            "suspect": false,
            "position": 1,
            "power": true
        },
        {
            "color": "purple",
            "suspect": false,
            "position": 8,
            "power": true
        },
        {
            "color": "white",
            "suspect": true,
            "position": 2,
            "power": true
        },
        {
            "color": "pink",
            "suspect": false,
            "position": 8,
            "power": false
        },
        {
            "color": "black",
            "suspect": false,
            "position": 8,
            "power": true
        },
        {
            "color": "blue",
            "suspect": false,
            "position": 0,
            "power": true
        }
    ],
    "character_cards": [
        {
            "color": "pink",
            "suspect": false,
            "position": 8,
            "power": false
        },
        {
            "color": "blue",
            "suspect": false,
            "position": 0,
            "power": true
        },
        {
            "color": "red",
            "suspect": false,
            "position": 1,
            "power": true
        },
        {
            "color": "white",
            "suspect": true,
            "position": 2,
            "power": true
        },
        {
            "color": "black",
            "suspect": false,
            "position": 8,
            "power": true
        },
        {
            "color": "grey",
            "suspect": true,
            "position": 2,
            "power": true
        },
        {
            "color": "purple",
            "suspect": false,
            "position": 8,
            "power": true
        },
        {
            "color": "brown",
            "suspect": true,
            "position": 2,
            "power": true
        }
    ],
    "active character_cards": []
}
21:35:18 :: INFO :: -
shuffle 8 character_cards
-
21:35:18 :: INFO :: --
inspector plays
--
21:35:18 :: DEBUG :: {
    "position_carlotta": 16,
    "exit": 22,
    "num_tour": 3,
    "shadow": 8,
    "blocked": [
        1,
        0
    ],
    "characters": [
        {
            "color": "grey",
            "suspect": true,
            "position": 2,
            "power": false
        },
        {
            "color": "brown",
            "suspect": true,
            "position": 2,
            "power": false
        },
        {
            "color": "red",
            "suspect": false,
            "position": 1,
            "power": true
        },
        {
            "color": "purple",
            "suspect": false,
            "position": 8,
            "power": true
        },
        {
            "color": "white",
            "suspect": true,
            "position": 2,
            "power": false
        },
        {
            "color": "pink",
            "suspect": false,
            "position": 8,
            "power": false
        },
        {
            "color": "black",
            "suspect": false,
            "position": 8,
            "power": true
        },
        {
            "color": "blue",
            "suspect": false,
            "position": 0,
            "power": true
        }
    ],
    "character_cards": [
        {
            "color": "grey",
            "suspect": true,
            "position": 2,
            "power": false
        },
        {
            "color": "brown",
            "suspect": true,
            "position": 2,
            "power": false
        },
        {
            "color": "pink",
            "suspect": false,
            "position": 8,
            "power": false
        },
        {
            "color": "white",
            "suspect": true,
            "position": 2,
            "power": false
        },
        {
            "color": "purple",
            "suspect": false,
            "position": 8,
            "power": true
        },
        {
            "color": "black",
            "suspect": false,
            "position": 8,
            "power": true
        },
        {
            "color": "blue",
            "suspect": false,
            "position": 0,
            "power": true
        },
        {
            "color": "red",
            "suspect": false,
            "position": 1,
            "power": true
        }
    ],
    "active character_cards": [
        {
            "color": "grey",
            "suspect": true,
            "position": 2,
            "power": false
        },
        {
            "color": "brown",
            "suspect": true,
            "position": 2,
            "power": false
        },
        {
            "color": "pink",
            "suspect": false,
            "position": 8,
            "power": false
        },
        {
            "color": "white",
            "suspect": true,
            "position": 2,
            "power": false
        }
    ]
}
21:35:18 :: INFO :: question : select character
21:35:18 :: INFO :: answer : grey-2-suspect
21:35:18 :: INFO :: question : select position
21:35:18 :: INFO :: answer : 3
21:35:18 :: INFO :: new position : 3
21:35:18 :: INFO :: grey power activated
21:35:18 :: INFO :: question : grey character power
21:35:18 :: INFO :: answer : 3
21:35:18 :: INFO :: --
fantom plays
--
21:35:18 :: DEBUG :: {
    "position_carlotta": 16,
    "exit": 22,
    "num_tour": 3,
    "shadow": 3,
    "blocked": [
        1,
        0
    ],
    "characters": [
        {
            "color": "grey",
            "suspect": true,
            "position": 3,
            "power": true
        },
        {
            "color": "brown",
            "suspect": true,
            "position": 2,
            "power": false
        },
        {
            "color": "red",
            "suspect": false,
            "position": 1,
            "power": true
        },
        {
            "color": "purple",
            "suspect": false,
            "position": 8,
            "power": true
        },
        {
            "color": "white",
            "suspect": true,
            "position": 2,
            "power": false
        },
        {
            "color": "pink",
            "suspect": false,
            "position": 8,
            "power": false
        },
        {
            "color": "black",
            "suspect": false,
            "position": 8,
            "power": true
        },
        {
            "color": "blue",
            "suspect": false,
            "position": 0,
            "power": true
        }
    ],
    "character_cards": [
        {
            "color": "grey",
            "suspect": true,
            "position": 3,
            "power": true
        },
        {
            "color": "brown",
            "suspect": true,
            "position": 2,
            "power": false
        },
        {
            "color": "pink",
            "suspect": false,
            "position": 8,
            "power": false
        },
        {
            "color": "white",
            "suspect": true,
            "position": 2,
            "power": false
        },
        {
            "color": "purple",
            "suspect": false,
            "position": 8,
            "power": true
        },
        {
            "color": "black",
            "suspect": false,
            "position": 8,
            "power": true
        },
        {
            "color": "blue",
            "suspect": false,
            "position": 0,
            "power": true
        },
        {
            "color": "red",
            "suspect": false,
            "position": 1,
            "power": true
        }
    ],
    "active character_cards": [
        {
            "color": "brown",
            "suspect": true,
            "position": 2,
            "power": false
        },
        {
            "color": "pink",
            "suspect": false,
            "position": 8,
            "power": false
        },
        {
            "color": "white",
            "suspect": true,
            "position": 2,
            "power": false
        }
    ]
}
21:35:18 :: INFO :: question : select character
21:35:18 :: INFO :: answer : pink-8-clean
21:35:18 :: INFO :: question : select position
21:35:18 :: INFO :: answer : 4
21:35:18 :: INFO :: new position : 4
21:35:18 :: INFO :: --
fantom plays
--
21:35:18 :: DEBUG :: {
    "position_carlotta": 16,
    "exit": 22,
    "num_tour": 3,
    "shadow": 3,
    "blocked": [
        1,
        0
    ],
    "characters": [
        {
            "color": "grey",
            "suspect": true,
            "position": 3,
            "power": true
        },
        {
            "color": "brown",
            "suspect": true,
            "position": 2,
            "power": false
        },
        {
            "color": "red",
            "suspect": false,
            "position": 1,
            "power": true
        },
        {
            "color": "purple",
            "suspect": false,
            "position": 8,
            "power": true
        },
        {
            "color": "white",
            "suspect": true,
            "position": 2,
            "power": false
        },
        {
            "color": "pink",
            "suspect": false,
            "position": 4,
            "power": false
        },
        {
            "color": "black",
            "suspect": false,
            "position": 8,
            "power": true
        },
        {
            "color": "blue",
            "suspect": false,
            "position": 0,
            "power": true
        }
    ],
    "character_cards": [
        {
            "color": "grey",
            "suspect": true,
            "position": 3,
            "power": true
        },
        {
            "color": "brown",
            "suspect": true,
            "position": 2,
            "power": false
        },
        {
            "color": "pink",
            "suspect": false,
            "position": 4,
            "power": false
        },
        {
            "color": "white",
            "suspect": true,
            "position": 2,
            "power": false
        },
        {
            "color": "purple",
            "suspect": false,
            "position": 8,
            "power": true
        },
        {
            "color": "black",
            "suspect": false,
            "position": 8,
            "power": true
        },
        {
            "color": "blue",
            "suspect": false,
            "position": 0,
            "power": true
        },
        {
            "color": "red",
            "suspect": false,
            "position": 1,
            "power": true
        }
    ],
    "active character_cards": [
        {
            "color": "brown",
            "suspect": true,
            "position": 2,
            "power": false
        },
        {
            "color": "white",
            "suspect": true,
            "position": 2,
            "power": false
        }
    ]
}
21:35:18 :: INFO :: question : select character
21:35:18 :: INFO :: answer : brown-2-suspect
21:35:18 :: INFO :: question : activate brown power
21:35:18 :: INFO :: answer  : no
21:35:18 :: INFO :: question : select position
21:35:18 :: INFO :: answer : 1
21:35:18 :: INFO :: new position : 1
21:35:18 :: INFO :: --
inspector plays
--
21:35:18 :: DEBUG :: {
    "position_carlotta": 16,
    "exit": 22,
    "num_tour": 3,
    "shadow": 3,
    "blocked": [
        1,
        0
    ],
    "characters": [
        {
            "color": "grey",
            "suspect": true,
            "position": 3,
            "power": true
        },
        {
            "color": "brown",
            "suspect": true,
            "position": 1,
            "power": false
        },
        {
            "color": "red",
            "suspect": false,
            "position": 1,
            "power": true
        },
        {
            "color": "purple",
            "suspect": false,
            "position": 8,
            "power": true
        },
        {
            "color": "white",
            "suspect": true,
            "position": 2,
            "power": false
        },
        {
            "color": "pink",
            "suspect": false,
            "position": 4,
            "power": false
        },
        {
            "color": "black",
            "suspect": false,
            "position": 8,
            "power": true
        },
        {
            "color": "blue",
            "suspect": false,
            "position": 0,
            "power": true
        }
    ],
    "character_cards": [
        {
            "color": "grey",
            "suspect": true,
            "position": 3,
            "power": true
        },
        {
            "color": "brown",
            "suspect": true,
            "position": 1,
            "power": false
        },
        {
            "color": "pink",
            "suspect": false,
            "position": 4,
            "power": false
        },
        {
            "color": "white",
            "suspect": true,
            "position": 2,
            "power": false
        },
        {
            "color": "purple",
            "suspect": false,
            "position": 8,
            "power": true
        },
        {
            "color": "black",
            "suspect": false,
            "position": 8,
            "power": true
        },
        {
            "color": "blue",
            "suspect": false,
            "position": 0,
            "power": true
        },
        {
            "color": "red",
            "suspect": false,
            "position": 1,
            "power": true
        }
    ],
    "active character_cards": [
        {
            "color": "white",
            "suspect": true,
            "position": 2,
            "power": false
        }
    ]
}
21:35:18 :: INFO :: question : select character
21:35:18 :: INFO :: answer : white-2-suspect
21:35:18 :: INFO :: question : select position
21:35:18 :: INFO :: answer : 1
21:35:18 :: INFO :: new position : 1
21:35:18 :: INFO :: question : activate white power
21:35:18 :: INFO :: answer  : no
21:35:18 :: INFO :: the fantom does not scream.
21:35:18 :: INFO :: 
------------------
21:35:18 :: INFO :: 
grey-3-cleanTour: 4,
Position Carlotta / exit: 18/22,
Shadow: 3,
blocked: (1, 0)
brown-1-suspectTour: 4,
Position Carlotta / exit: 18/22,
Shadow: 3,
blocked: (1, 0)
red-1-cleanTour: 4,
Position Carlotta / exit: 18/22,
Shadow: 3,
blocked: (1, 0)
purple-8-cleanTour: 4,
Position Carlotta / exit: 18/22,
Shadow: 3,
blocked: (1, 0)
white-1-suspectTour: 4,
Position Carlotta / exit: 18/22,
Shadow: 3,
blocked: (1, 0)
pink-4-cleanTour: 4,
Position Carlotta / exit: 18/22,
Shadow: 3,
blocked: (1, 0)
black-8-cleanTour: 4,
Position Carlotta / exit: 18/22,
Shadow: 3,
blocked: (1, 0)
blue-0-clean
21:35:18 :: DEBUG :: {
    "position_carlotta": 18,
    "exit": 22,
    "num_tour": 4,
    "shadow": 3,
    "blocked": [
        1,
        0
    ],
    "characters": [
        {
            "color": "grey",
            "suspect": false,
            "position": 3,
            "power": true
        },
        {
            "color": "brown",
            "suspect": true,
            "position": 1,
            "power": false
        },
        {
            "color": "red",
            "suspect": false,
            "position": 1,
            "power": true
        },
        {
            "color": "purple",
            "suspect": false,
            "position": 8,
            "power": true
        },
        {
            "color": "white",
            "suspect": true,
            "position": 1,
            "power": false
        },
        {
            "color": "pink",
            "suspect": false,
            "position": 4,
            "power": false
        },
        {
            "color": "black",
            "suspect": false,
            "position": 8,
            "power": true
        },
        {
            "color": "blue",
            "suspect": false,
            "position": 0,
            "power": true
        }
    ],
    "character_cards": [
        {
            "color": "grey",
            "suspect": false,
            "position": 3,
            "power": true
        },
        {
            "color": "brown",
            "suspect": true,
            "position": 1,
            "power": false
        },
        {
            "color": "pink",
            "suspect": false,
            "position": 4,
            "power": false
        },
        {
            "color": "white",
            "suspect": true,
            "position": 1,
            "power": false
        },
        {
            "color": "purple",
            "suspect": false,
            "position": 8,
            "power": true
        },
        {
            "color": "black",
            "suspect": false,
            "position": 8,
            "power": true
        },
        {
            "color": "blue",
            "suspect": false,
            "position": 0,
            "power": true
        },
        {
            "color": "red",
            "suspect": false,
            "position": 1,
            "power": true
        }
    ],
    "active character_cards": []
}
21:35:18 :: INFO :: --
fantom plays
--
21:35:18 :: DEBUG :: {
    "position_carlotta": 18,
    "exit": 22,
    "num_tour": 4,
    "shadow": 3,
    "blocked": [
        1,
        0
    ],
    "characters": [
        {
            "color": "grey",
            "suspect": false,
            "position": 3,
            "power": true
        },
        {
            "color": "brown",
            "suspect": true,
            "position": 1,
            "power": false
        },
        {
            "color": "red",
            "suspect": false,
            "position": 1,
            "power": false
        },
        {
            "color": "purple",
            "suspect": false,
            "position": 8,
            "power": false
        },
        {
            "color": "white",
            "suspect": true,
            "position": 1,
            "power": false
        },
        {
            "color": "pink",
            "suspect": false,
            "position": 4,
            "power": false
        },
        {
            "color": "black",
            "suspect": false,
            "position": 8,
            "power": false
        },
        {
            "color": "blue",
            "suspect": false,
            "position": 0,
            "power": false
        }
    ],
    "character_cards": [
        {
            "color": "grey",
            "suspect": false,
            "position": 3,
            "power": true
        },
        {
            "color": "brown",
            "suspect": true,
            "position": 1,
            "power": false
        },
        {
            "color": "pink",
            "suspect": false,
            "position": 4,
            "power": false
        },
        {
            "color": "white",
            "suspect": true,
            "position": 1,
            "power": false
        },
        {
            "color": "purple",
            "suspect": false,
            "position": 8,
            "power": false
        },
        {
            "color": "black",
            "suspect": false,
            "position": 8,
            "power": false
        },
        {
            "color": "blue",
            "suspect": false,
            "position": 0,
            "power": false
        },
        {
            "color": "red",
            "suspect": false,
            "position": 1,
            "power": false
        }
    ],
    "active character_cards": [
        {
            "color": "purple",
            "suspect": false,
            "position": 8,
            "power": false
        },
        {
            "color": "black",
            "suspect": false,
            "position": 8,
            "power": false
        },
        {
            "color": "blue",
            "suspect": false,
            "position": 0,
            "power": false
        },
        {
            "color": "red",
            "suspect": false,
            "position": 1,
            "power": false
        }
    ]
}
21:35:18 :: INFO :: question : select character
21:35:18 :: INFO :: answer : black-8-clean
21:35:18 :: INFO :: question : select position
21:35:18 :: INFO :: answer : 5
21:35:18 :: INFO :: new position : 5
21:35:18 :: INFO :: question : activate black power
21:35:18 :: INFO :: answer  : no
21:35:18 :: INFO :: --
inspector plays
--
21:35:18 :: DEBUG :: {
    "position_carlotta": 18,
    "exit": 22,
    "num_tour": 4,
    "shadow": 3,
    "blocked": [
        1,
        0
    ],
    "characters": [
        {
            "color": "grey",
            "suspect": false,
            "position": 3,
            "power": true
        },
        {
            "color": "brown",
            "suspect": true,
            "position": 1,
            "power": false
        },
        {
            "color": "red",
            "suspect": false,
            "position": 1,
            "power": false
        },
        {
            "color": "purple",
            "suspect": false,
            "position": 8,
            "power": false
        },
        {
            "color": "white",
            "suspect": true,
            "position": 1,
            "power": false
        },
        {
            "color": "pink",
            "suspect": false,
            "position": 4,
            "power": false
        },
        {
            "color": "black",
            "suspect": false,
            "position": 5,
            "power": false
        },
        {
            "color": "blue",
            "suspect": false,
            "position": 0,
            "power": false
        }
    ],
    "character_cards": [
        {
            "color": "grey",
            "suspect": false,
            "position": 3,
            "power": true
        },
        {
            "color": "brown",
            "suspect": true,
            "position": 1,
            "power": false
        },
        {
            "color": "pink",
            "suspect": false,
            "position": 4,
            "power": false
        },
        {
            "color": "white",
            "suspect": true,
            "position": 1,
            "power": false
        },
        {
            "color": "purple",
            "suspect": false,
            "position": 8,
            "power": false
        },
        {
            "color": "black",
            "suspect": false,
            "position": 5,
            "power": false
        },
        {
            "color": "blue",
            "suspect": false,
            "position": 0,
            "power": false
        },
        {
            "color": "red",
            "suspect": false,
            "position": 1,
            "power": false
        }
    ],
    "active character_cards": [
        {
            "color": "purple",
            "suspect": false,
            "position": 8,
            "power": false
        },
        {
            "color": "blue",
            "suspect": false,
            "position": 0,
            "power": false
        },
        {
            "color": "red",
            "suspect": false,
            "position": 1,
            "power": false
        }
    ]
}
21:35:18 :: INFO :: question : select character
21:35:18 :: INFO :: answer : red-1-clean
21:35:18 :: INFO :: question : select position
21:35:18 :: INFO :: answer : 2
21:35:18 :: INFO :: new position : 2
21:35:18 :: INFO :: red power activated
21:35:18 :: INFO :: black-5-clean was drawn
21:35:18 :: INFO :: --
inspector plays
--
21:35:18 :: DEBUG :: {
    "position_carlotta": 18,
    "exit": 22,
    "num_tour": 4,
    "shadow": 3,
    "blocked": [
        1,
        0
    ],
    "characters": [
        {
            "color": "grey",
            "suspect": false,
            "position": 3,
            "power": true
        },
        {
            "color": "brown",
            "suspect": true,
            "position": 1,
            "power": false
        },
        {
            "color": "red",
            "suspect": false,
            "position": 2,
            "power": true
        },
        {
            "color": "purple",
            "suspect": false,
            "position": 8,
            "power": false
        },
        {
            "color": "white",
            "suspect": true,
            "position": 1,
            "power": false
        },
        {
            "color": "pink",
            "suspect": false,
            "position": 4,
            "power": false
        },
        {
            "color": "black",
            "suspect": false,
            "position": 5,
            "power": false
        },
        {
            "color": "blue",
            "suspect": false,
            "position": 0,
            "power": false
        }
    ],
    "character_cards": [
        {
            "color": "grey",
            "suspect": false,
            "position": 3,
            "power": true
        },
        {
            "color": "brown",
            "suspect": true,
            "position": 1,
            "power": false
        },
        {
            "color": "pink",
            "suspect": false,
            "position": 4,
            "power": false
        },
        {
            "color": "white",
            "suspect": true,
            "position": 1,
            "power": false
        },
        {
            "color": "purple",
            "suspect": false,
            "position": 8,
            "power": false
        },
        {
            "color": "black",
            "suspect": false,
            "position": 5,
            "power": false
        },
        {
            "color": "blue",
            "suspect": false,
            "position": 0,
            "power": false
        },
        {
            "color": "red",
            "suspect": false,
            "position": 2,
            "power": true
        }
    ],
    "active character_cards": [
        {
            "color": "purple",
            "suspect": false,
            "position": 8,
            "power": false
        },
        {
            "color": "blue",
            "suspect": false,
            "position": 0,
            "power": false
        }
    ]
}
21:35:18 :: INFO :: question : select character
21:35:18 :: INFO :: answer : purple-8-clean
21:35:18 :: INFO :: question : activate purple power
21:35:18 :: INFO :: answer  : no
21:35:18 :: INFO :: question : select position
21:35:18 :: INFO :: answer : 9
21:35:18 :: INFO :: new position : 9
21:35:18 :: INFO :: --
fantom plays
--
21:35:18 :: DEBUG :: {
    "position_carlotta": 18,
    "exit": 22,
    "num_tour": 4,
    "shadow": 3,
    "blocked": [
        1,
        0
    ],
    "characters": [
        {
            "color": "grey",
            "suspect": false,
            "position": 3,
            "power": true
        },
        {
            "color": "brown",
            "suspect": true,
            "position": 1,
            "power": false
        },
        {
            "color": "red",
            "suspect": false,
            "position": 2,
            "power": true
        },
        {
            "color": "purple",
            "suspect": false,
            "position": 9,
            "power": false
        },
        {
            "color": "white",
            "suspect": true,
            "position": 1,
            "power": false
        },
        {
            "color": "pink",
            "suspect": false,
            "position": 4,
            "power": false
        },
        {
            "color": "black",
            "suspect": false,
            "position": 5,
            "power": false
        },
        {
            "color": "blue",
            "suspect": false,
            "position": 0,
            "power": false
        }
    ],
    "character_cards": [
        {
            "color": "grey",
            "suspect": false,
            "position": 3,
            "power": true
        },
        {
            "color": "brown",
            "suspect": true,
            "position": 1,
            "power": false
        },
        {
            "color": "pink",
            "suspect": false,
            "position": 4,
            "power": false
        },
        {
            "color": "white",
            "suspect": true,
            "position": 1,
            "power": false
        },
        {
            "color": "purple",
            "suspect": false,
            "position": 9,
            "power": false
        },
        {
            "color": "black",
            "suspect": false,
            "position": 5,
            "power": false
        },
        {
            "color": "blue",
            "suspect": false,
            "position": 0,
            "power": false
        },
        {
            "color": "red",
            "suspect": false,
            "position": 2,
            "power": true
        }
    ],
    "active character_cards": [
        {
            "color": "blue",
            "suspect": false,
            "position": 0,
            "power": false
        }
    ]
}
21:35:18 :: INFO :: question : select character
21:35:18 :: INFO :: answer : blue-0-clean
21:35:18 :: INFO :: question : select position
21:35:18 :: INFO :: answer : 4
21:35:18 :: INFO :: new position : 4
21:35:18 :: INFO :: blue power activated
21:35:19 :: INFO :: question : blue character power exit
21:35:19 :: INFO :: answer : {6, 7}
21:35:19 :: INFO :: the fantom does not scream.
21:35:19 :: INFO :: 
------------------
21:35:19 :: INFO :: 
grey-3-cleanTour: 5,
Position Carlotta / exit: 20/22,
Shadow: 3,
blocked: (6, 7)
brown-1-suspectTour: 5,
Position Carlotta / exit: 20/22,
Shadow: 3,
blocked: (6, 7)
red-2-cleanTour: 5,
Position Carlotta / exit: 20/22,
Shadow: 3,
blocked: (6, 7)
purple-9-cleanTour: 5,
Position Carlotta / exit: 20/22,
Shadow: 3,
blocked: (6, 7)
white-1-suspectTour: 5,
Position Carlotta / exit: 20/22,
Shadow: 3,
blocked: (6, 7)
pink-4-cleanTour: 5,
Position Carlotta / exit: 20/22,
Shadow: 3,
blocked: (6, 7)
black-5-cleanTour: 5,
Position Carlotta / exit: 20/22,
Shadow: 3,
blocked: (6, 7)
blue-4-clean
21:35:19 :: DEBUG :: {
    "position_carlotta": 20,
    "exit": 22,
    "num_tour": 5,
    "shadow": 3,
    "blocked": [
        6,
        7
    ],
    "characters": [
        {
            "color": "grey",
            "suspect": false,
            "position": 3,
            "power": true
        },
        {
            "color": "brown",
            "suspect": true,
            "position": 1,
            "power": false
        },
        {
            "color": "red",
            "suspect": false,
            "position": 2,
            "power": true
        },
        {
            "color": "purple",
            "suspect": false,
            "position": 9,
            "power": false
        },
        {
            "color": "white",
            "suspect": true,
            "position": 1,
            "power": false
        },
        {
            "color": "pink",
            "suspect": false,
            "position": 4,
            "power": false
        },
        {
            "color": "black",
            "suspect": false,
            "position": 5,
            "power": false
        },
        {
            "color": "blue",
            "suspect": false,
            "position": 4,
            "power": true
        }
    ],
    "character_cards": [
        {
            "color": "grey",
            "suspect": false,
            "position": 3,
            "power": true
        },
        {
            "color": "brown",
            "suspect": true,
            "position": 1,
            "power": false
        },
        {
            "color": "pink",
            "suspect": false,
            "position": 4,
            "power": false
        },
        {
            "color": "white",
            "suspect": true,
            "position": 1,
            "power": false
        },
        {
            "color": "purple",
            "suspect": false,
            "position": 9,
            "power": false
        },
        {
            "color": "black",
            "suspect": false,
            "position": 5,
            "power": false
        },
        {
            "color": "blue",
            "suspect": false,
            "position": 4,
            "power": true
        },
        {
            "color": "red",
            "suspect": false,
            "position": 2,
            "power": true
        }
    ],
    "active character_cards": []
}
21:35:19 :: INFO :: -
shuffle 8 character_cards
-
21:35:19 :: INFO :: --
inspector plays
--
21:35:19 :: DEBUG :: {
    "position_carlotta": 20,
    "exit": 22,
    "num_tour": 5,
    "shadow": 3,
    "blocked": [
        6,
        7
    ],
    "characters": [
        {
            "color": "grey",
            "suspect": false,
            "position": 3,
            "power": true
        },
        {
            "color": "brown",
            "suspect": true,
            "position": 1,
            "power": false
        },
        {
            "color": "red",
            "suspect": false,
            "position": 2,
            "power": true
        },
        {
            "color": "purple",
            "suspect": false,
            "position": 9,
            "power": false
        },
        {
            "color": "white",
            "suspect": true,
            "position": 1,
            "power": false
        },
        {
            "color": "pink",
            "suspect": false,
            "position": 4,
            "power": false
        },
        {
            "color": "black",
            "suspect": false,
            "position": 5,
            "power": false
        },
        {
            "color": "blue",
            "suspect": false,
            "position": 4,
            "power": true
        }
    ],
    "character_cards": [
        {
            "color": "pink",
            "suspect": false,
            "position": 4,
            "power": false
        },
        {
            "color": "purple",
            "suspect": false,
            "position": 9,
            "power": false
        },
        {
            "color": "brown",
            "suspect": true,
            "position": 1,
            "power": false
        },
        {
            "color": "white",
            "suspect": true,
            "position": 1,
            "power": false
        },
        {
            "color": "blue",
            "suspect": false,
            "position": 4,
            "power": true
        },
        {
            "color": "red",
            "suspect": false,
            "position": 2,
            "power": true
        },
        {
            "color": "grey",
            "suspect": false,
            "position": 3,
            "power": true
        },
        {
            "color": "black",
            "suspect": false,
            "position": 5,
            "power": false
        }
    ],
    "active character_cards": [
        {
            "color": "pink",
            "suspect": false,
            "position": 4,
            "power": false
        },
        {
            "color": "purple",
            "suspect": false,
            "position": 9,
            "power": false
        },
        {
            "color": "brown",
            "suspect": true,
            "position": 1,
            "power": false
        },
        {
            "color": "white",
            "suspect": true,
            "position": 1,
            "power": false
        }
    ]
}
21:35:19 :: INFO :: question : select character
21:35:19 :: INFO :: answer : brown-1-suspect
21:35:19 :: INFO :: question : activate brown power
21:35:19 :: INFO :: answer  : yes
21:35:19 :: INFO :: brown power activated
21:35:19 :: INFO :: question : brown character power
21:35:19 :: INFO :: answer : white-1-suspect
21:35:19 :: INFO :: question : select position
21:35:19 :: INFO :: answer : 2
21:35:19 :: INFO :: new position : 2
21:35:19 :: INFO :: --
fantom plays
--
21:35:19 :: DEBUG :: {
    "position_carlotta": 20,
    "exit": 22,
    "num_tour": 5,
    "shadow": 3,
    "blocked": [
        6,
        7
    ],
    "characters": [
        {
            "color": "grey",
            "suspect": false,
            "position": 3,
            "power": true
        },
        {
            "color": "brown",
            "suspect": true,
            "position": 2,
            "power": true
        },
        {
            "color": "red",
            "suspect": false,
            "position": 2,
            "power": true
        },
        {
            "color": "purple",
            "suspect": false,
            "position": 9,
            "power": false
        },
        {
            "color": "white",
            "suspect": true,
            "position": 2,
            "power": false
        },
        {
            "color": "pink",
            "suspect": false,
            "position": 4,
            "power": false
        },
        {
            "color": "black",
            "suspect": false,
            "position": 5,
            "power": false
        },
        {
            "color": "blue",
            "suspect": false,
            "position": 4,
            "power": true
        }
    ],
    "character_cards": [
        {
            "color": "pink",
            "suspect": false,
            "position": 4,
            "power": false
        },
        {
            "color": "purple",
            "suspect": false,
            "position": 9,
            "power": false
        },
        {
            "color": "brown",
            "suspect": true,
            "position": 2,
            "power": true
        },
        {
            "color": "white",
            "suspect": true,
            "position": 2,
            "power": false
        },
        {
            "color": "blue",
            "suspect": false,
            "position": 4,
            "power": true
        },
        {
            "color": "red",
            "suspect": false,
            "position": 2,
            "power": true
        },
        {
            "color": "grey",
            "suspect": false,
            "position": 3,
            "power": true
        },
        {
            "color": "black",
            "suspect": false,
            "position": 5,
            "power": false
        }
    ],
    "active character_cards": [
        {
            "color": "pink",
            "suspect": false,
            "position": 4,
            "power": false
        },
        {
            "color": "purple",
            "suspect": false,
            "position": 9,
            "power": false
        },
        {
            "color": "white",
            "suspect": true,
            "position": 2,
            "power": false
        }
    ]
}
21:35:19 :: INFO :: question : select character
21:35:19 :: INFO :: answer : white-2-suspect
21:35:19 :: INFO :: question : select position
21:35:19 :: INFO :: answer : 1
21:35:19 :: INFO :: new position : 1
21:35:19 :: INFO :: question : activate white power
21:35:19 :: INFO :: answer  : yes
21:35:19 :: INFO :: white power activated
21:35:19 :: INFO :: --
fantom plays
--
21:35:19 :: DEBUG :: {
    "position_carlotta": 20,
    "exit": 22,
    "num_tour": 5,
    "shadow": 3,
    "blocked": [
        6,
        7
    ],
    "characters": [
        {
            "color": "grey",
            "suspect": false,
            "position": 3,
            "power": true
        },
        {
            "color": "brown",
            "suspect": true,
            "position": 2,
            "power": true
        },
        {
            "color": "red",
            "suspect": false,
            "position": 2,
            "power": true
        },
        {
            "color": "purple",
            "suspect": false,
            "position": 9,
            "power": false
        },
        {
            "color": "white",
            "suspect": true,
            "position": 1,
            "power": true
        },
        {
            "color": "pink",
            "suspect": false,
            "position": 4,
            "power": false
        },
        {
            "color": "black",
            "suspect": false,
            "position": 5,
            "power": false
        },
        {
            "color": "blue",
            "suspect": false,
            "position": 4,
            "power": true
        }
    ],
    "character_cards": [
        {
            "color": "pink",
            "suspect": false,
            "position": 4,
            "power": false
        },
        {
            "color": "purple",
            "suspect": false,
            "position": 9,
            "power": false
        },
        {
            "color": "brown",
            "suspect": true,
            "position": 2,
            "power": true
        },
        {
            "color": "white",
            "suspect": true,
            "position": 1,
            "power": true
        },
        {
            "color": "blue",
            "suspect": false,
            "position": 4,
            "power": true
        },
        {
            "color": "red",
            "suspect": false,
            "position": 2,
            "power": true
        },
        {
            "color": "grey",
            "suspect": false,
            "position": 3,
            "power": true
        },
        {
            "color": "black",
            "suspect": false,
            "position": 5,
            "power": false
        }
    ],
    "active character_cards": [
        {
            "color": "pink",
            "suspect": false,
            "position": 4,
            "power": false
        },
        {
            "color": "purple",
            "suspect": false,
            "position": 9,
            "power": false
        }
    ]
}
21:35:19 :: INFO :: question : select character
21:35:19 :: INFO :: answer : pink-4-clean
21:35:19 :: INFO :: question : select position
21:35:19 :: INFO :: answer : 8
21:35:19 :: INFO :: new position : 8
21:35:19 :: INFO :: --
inspector plays
--
21:35:19 :: DEBUG :: {
    "position_carlotta": 20,
    "exit": 22,
    "num_tour": 5,
    "shadow": 3,
    "blocked": [
        6,
        7
    ],
    "characters": [
        {
            "color": "grey",
            "suspect": false,
            "position": 3,
            "power": true
        },
        {
            "color": "brown",
            "suspect": true,
            "position": 2,
            "power": true
        },
        {
            "color": "red",
            "suspect": false,
            "position": 2,
            "power": true
        },
        {
            "color": "purple",
            "suspect": false,
            "position": 9,
            "power": false
        },
        {
            "color": "white",
            "suspect": true,
            "position": 1,
            "power": true
        },
        {
            "color": "pink",
            "suspect": false,
            "position": 8,
            "power": false
        },
        {
            "color": "black",
            "suspect": false,
            "position": 5,
            "power": false
        },
        {
            "color": "blue",
            "suspect": false,
            "position": 4,
            "power": true
        }
    ],
    "character_cards": [
        {
            "color": "pink",
            "suspect": false,
            "position": 8,
            "power": false
        },
        {
            "color": "purple",
            "suspect": false,
            "position": 9,
            "power": false
        },
        {
            "color": "brown",
            "suspect": true,
            "position": 2,
            "power": true
        },
        {
            "color": "white",
            "suspect": true,
            "position": 1,
            "power": true
        },
        {
            "color": "blue",
            "suspect": false,
            "position": 4,
            "power": true
        },
        {
            "color": "red",
            "suspect": false,
            "position": 2,
            "power": true
        },
        {
            "color": "grey",
            "suspect": false,
            "position": 3,
            "power": true
        },
        {
            "color": "black",
            "suspect": false,
            "position": 5,
            "power": false
        }
    ],
    "active character_cards": [
        {
            "color": "purple",
            "suspect": false,
            "position": 9,
            "power": false
        }
    ]
}
21:35:19 :: INFO :: question : select character
21:35:19 :: INFO :: answer : purple-9-clean
21:35:19 :: INFO :: question : activate purple power
21:35:19 :: INFO :: answer  : yes
21:35:19 :: INFO :: purple power activated
21:35:19 :: INFO :: question : purple character power
21:35:19 :: INFO :: answer : red-2-clean
21:35:19 :: INFO :: new position : purple-2-clean
21:35:19 :: INFO :: new position : red-9-clean
21:35:19 :: INFO :: the fantom does not scream.
21:35:19 :: INFO :: ----------
---- inspector wins : fantom is brown-2-suspect
21:35:19 :: INFO :: ---- final position of Carlotta : 21
21:35:19 :: INFO :: ---- exit : 22
21:35:19 :: INFO :: ---- final score : 1
----------
