13:15:22 :: DEBUG :: |
|
13:15:22 :: DEBUG :: inspector answers
13:15:22 :: DEBUG :: question type ----- select character
13:15:22 :: DEBUG :: data -------------- [{'color': 'white', 'suspect': True, 'position': 9, 'power': False}, {'color': 'pink', 'suspect': True, 'position': 9, 'power': False}, {'color': 'blue', 'suspect': True, 'position': 7, 'power': False}, {'color': 'purple', 'suspect': True, 'position': 1, 'power': False}]
13:15:22 :: DEBUG :: response index ---- 0
13:15:22 :: DEBUG :: response ---------- {'color': 'white', 'suspect': True, 'position': 9, 'power': False}
13:15:22 :: DEBUG :: |
|
13:15:22 :: DEBUG :: inspector answers
13:15:22 :: DEBUG :: question type ----- select position
13:15:22 :: DEBUG :: data -------------- [8, 4]
13:15:22 :: DEBUG :: response index ---- 0
13:15:22 :: DEBUG :: response ---------- 8
13:15:22 :: DEBUG :: |
|
13:15:22 :: DEBUG :: inspector answers
13:15:22 :: DEBUG :: question type ----- activate white power
13:15:22 :: DEBUG :: data -------------- [0, 1]
13:15:22 :: DEBUG :: response index ---- 0
13:15:22 :: DEBUG :: response ---------- 0
13:15:22 :: DEBUG :: |
|
13:15:22 :: DEBUG :: inspector answers
13:15:22 :: DEBUG :: question type ----- select character
13:15:22 :: DEBUG :: data -------------- [{'color': 'purple', 'suspect': True, 'position': 1, 'power': False}]
13:15:22 :: DEBUG :: response index ---- 0
13:15:22 :: DEBUG :: response ---------- {'color': 'purple', 'suspect': True, 'position': 1, 'power': False}
13:15:22 :: DEBUG :: |
|
13:15:22 :: DEBUG :: inspector answers
13:15:22 :: DEBUG :: question type ----- activate purple power
13:15:22 :: DEBUG :: data -------------- [0, 1]
13:15:22 :: DEBUG :: response index ---- 0
13:15:22 :: DEBUG :: response ---------- 0
13:15:22 :: DEBUG :: |
|
13:15:22 :: DEBUG :: inspector answers
13:15:22 :: DEBUG :: question type ----- select position
13:15:22 :: DEBUG :: data -------------- [0, 2]
13:15:22 :: DEBUG :: response index ---- 0
13:15:22 :: DEBUG :: response ---------- 0
13:15:22 :: DEBUG :: |
|
13:15:22 :: DEBUG :: inspector answers
13:15:22 :: DEBUG :: question type ----- select character
13:15:22 :: DEBUG :: data -------------- [{'color': 'red', 'suspect': False, 'position': 6, 'power': False}, {'color': 'black', 'suspect': False, 'position': 8, 'power': False}, {'color': 'grey', 'suspect': True, 'position': 2, 'power': False}]
13:15:22 :: DEBUG :: response index ---- 1
13:15:22 :: DEBUG :: response ---------- {'color': 'black', 'suspect': False, 'position': 8, 'power': False}
13:15:22 :: DEBUG :: |
|
13:15:22 :: DEBUG :: inspector answers
13:15:22 :: DEBUG :: question type ----- select position
13:15:22 :: DEBUG :: data -------------- [9, 7]
13:15:22 :: DEBUG :: response index ---- 0
13:15:22 :: DEBUG :: response ---------- 9
13:15:22 :: DEBUG :: |
|
13:15:22 :: DEBUG :: inspector answers
13:15:22 :: DEBUG :: question type ----- activate black power
13:15:22 :: DEBUG :: data -------------- [0, 1]
13:15:22 :: DEBUG :: response index ---- 1
13:15:22 :: DEBUG :: response ---------- 1
13:15:22 :: DEBUG :: |
|
13:15:22 :: DEBUG :: inspector answers
13:15:22 :: DEBUG :: question type ----- select character
13:15:22 :: DEBUG :: data -------------- [{'color': 'red', 'suspect': False, 'position': 6, 'power': False}, {'color': 'grey', 'suspect': True, 'position': 2, 'power': False}]
13:15:22 :: DEBUG :: response index ---- 0
13:15:22 :: DEBUG :: response ---------- {'color': 'red', 'suspect': False, 'position': 6, 'power': False}
13:15:22 :: DEBUG :: |
|
13:15:22 :: DEBUG :: inspector answers
13:15:22 :: DEBUG :: question type ----- select position
13:15:22 :: DEBUG :: data -------------- [0, 2, 3, 4, 5, 7, 8, 9]
13:15:22 :: DEBUG :: response index ---- 3
13:15:22 :: DEBUG :: response ---------- 4
13:15:22 :: DEBUG :: |
|
13:15:22 :: DEBUG :: inspector answers
13:15:22 :: DEBUG :: question type ----- select character
13:15:22 :: DEBUG :: data -------------- [{'color': 'brown', 'suspect': False, 'position': 6, 'power': False}, {'color': 'blue', 'suspect': True, 'position': 6, 'power': False}, {'color': 'red', 'suspect': False, 'position': 4, 'power': False}, {'color': 'black', 'suspect': False, 'position': 9, 'power': False}]
13:15:22 :: DEBUG :: response index ---- 0
13:15:22 :: DEBUG :: response ---------- {'color': 'brown', 'suspect': False, 'position': 6, 'power': False}
13:15:22 :: DEBUG :: |
|
13:15:22 :: DEBUG :: inspector answers
13:15:22 :: DEBUG :: question type ----- activate brown power
13:15:22 :: DEBUG :: data -------------- [0, 1]
13:15:22 :: DEBUG :: response index ---- 1
13:15:22 :: DEBUG :: response ---------- 1
13:15:22 :: DEBUG :: |
|
13:15:22 :: DEBUG :: inspector answers
13:15:22 :: DEBUG :: question type ----- brown character power
13:15:22 :: DEBUG :: data -------------- ['blue']
13:15:22 :: DEBUG :: response index ---- 0
13:15:22 :: DEBUG :: response ---------- blue
13:15:22 :: DEBUG :: |
|
13:15:22 :: DEBUG :: inspector answers
13:15:22 :: DEBUG :: question type ----- select position
13:15:22 :: DEBUG :: data -------------- [3, 4, 5, 7, 9]
13:15:22 :: DEBUG :: response index ---- 3
13:15:22 :: DEBUG :: response ---------- 7
13:15:22 :: DEBUG :: |
|
13:15:22 :: DEBUG :: inspector answers
13:15:22 :: DEBUG :: question type ----- select character
13:15:22 :: DEBUG :: data -------------- [{'color': 'red', 'suspect': False, 'position': 5, 'power': False}]
13:15:22 :: DEBUG :: response index ---- 0
13:15:22 :: DEBUG :: response ---------- {'color': 'red', 'suspect': False, 'position': 5, 'power': False}
13:15:22 :: DEBUG :: |
|
13:15:22 :: DEBUG :: inspector answers
13:15:22 :: DEBUG :: question type ----- select position
13:15:22 :: DEBUG :: data -------------- [4, 6, 7, 8]
13:15:22 :: DEBUG :: response index ---- 0
13:15:22 :: DEBUG :: response ---------- 4
13:15:22 :: DEBUG :: |
|
13:15:22 :: DEBUG :: inspector answers
13:15:22 :: DEBUG :: question type ----- select character
13:15:22 :: DEBUG :: data -------------- [{'color': 'pink', 'suspect': True, 'position': 9, 'power': False}, {'color': 'grey', 'suspect': False, 'position': 3, 'power': False}, {'color': 'white', 'suspect': False, 'position': 9, 'power': False}]
13:15:22 :: DEBUG :: response index ---- 0
13:15:22 :: DEBUG :: response ---------- {'color': 'pink', 'suspect': True, 'position': 9, 'power': False}
13:15:22 :: DEBUG :: |
|
13:15:22 :: DEBUG :: inspector answers
13:15:22 :: DEBUG :: question type ----- select position
13:15:22 :: DEBUG :: data -------------- [1, 2, 3, 4, 5, 6, 7, 8]
13:15:22 :: DEBUG :: response index ---- 0
13:15:22 :: DEBUG :: response ---------- 1
13:15:22 :: DEBUG :: |
|
13:15:22 :: DEBUG :: inspector answers
13:15:22 :: DEBUG :: question type ----- select character
13:15:22 :: DEBUG :: data -------------- [{'color': 'grey', 'suspect': False, 'position': 3, 'power': False}, {'color': 'white', 'suspect': False, 'position': 9, 'power': False}]
13:15:22 :: DEBUG :: response index ---- 0
13:15:22 :: DEBUG :: response ---------- {'color': 'grey', 'suspect': False, 'position': 3, 'power': False}
13:15:22 :: DEBUG :: |
|
13:15:22 :: DEBUG :: inspector answers
13:15:22 :: DEBUG :: question type ----- select position
13:15:22 :: DEBUG :: data -------------- [1, 2, 6, 7, 9]
13:15:22 :: DEBUG :: response index ---- 0
13:15:22 :: DEBUG :: response ---------- 1
13:15:22 :: DEBUG :: |
|
13:15:22 :: DEBUG :: inspector answers
13:15:22 :: DEBUG :: question type ----- grey character power
13:15:22 :: DEBUG :: data -------------- [0, 1, 2, 3, 4, 5, 6, 7, 9]
13:15:22 :: DEBUG :: response index ---- 5
13:15:22 :: DEBUG :: response ---------- 5
